
*** Running vivado
    with args -log iot_sensor_controller.vds -m64 -product Vivado -mode batch -messageDb vivado.pb -notrace -source iot_sensor_controller.tcl


****** Vivado v2025.1 (64-bit)
  **** SW Build 6140274 on Wed May 21 22:58:25 MDT 2025
  **** IP Build 6138677 on Thu May 22 03:10:11 MDT 2025
  **** SharedData Build 6139179 on Tue May 20 17:58:58 MDT 2025
  **** Start of session at: Sat Aug 30 01:49:39 2025
    ** Copyright 1986-2022 Xilinx, Inc. All Rights Reserved.
    ** Copyright 2022-2025 Advanced Micro Devices, Inc. All Rights Reserved.

source iot_sensor_controller.tcl -notrace
Command: synth_design -top iot_sensor_controller -part xc7a35tcpg236-1
Starting synth_design
Attempting to get a license for feature 'Synthesis' and/or device 'xc7a35t'
INFO: [Common 17-349] Got license for feature 'Synthesis' and/or device 'xc7a35t'
INFO: [Synth 8-7079] Multithreading enabled for synth_design using a maximum of 7 processes.
INFO: [Synth 8-7078] Launching helper process for spawning children vivado processes
INFO: [Synth 8-7075] Helper process launched with PID 24202
---------------------------------------------------------------------------------
Starting Synthesize : Time (s): cpu = 00:00:03 ; elapsed = 00:00:03 . Memory (MB): peak = 2154.488 ; gain = 429.078 ; free physical = 888 ; free virtual = 15286
---------------------------------------------------------------------------------
WARNING: [Synth 8-11067] parameter 'CLK_FREQ_MHZ' declared inside package 'iot_sensor_pkg' shall be treated as localparam [/home/prabhat/Work/Smart_IoT_Sensor_Interface_Controller/rtl/common/iot_sensor_pkg.sv:84]
WARNING: [Synth 8-11067] parameter 'BAUD_RATE' declared inside package 'iot_sensor_pkg' shall be treated as localparam [/home/prabhat/Work/Smart_IoT_Sensor_Interface_Controller/rtl/common/iot_sensor_pkg.sv:85]
WARNING: [Synth 8-11067] parameter 'FIFO_DEPTH' declared inside package 'iot_sensor_pkg' shall be treated as localparam [/home/prabhat/Work/Smart_IoT_Sensor_Interface_Controller/rtl/common/iot_sensor_pkg.sv:86]
WARNING: [Synth 8-11067] parameter 'SYSTEM_CLK_FREQ' declared inside package 'iot_sensor_pkg' shall be treated as localparam [/home/prabhat/Work/Smart_IoT_Sensor_Interface_Controller/rtl/common/iot_sensor_pkg.sv:89]
WARNING: [Synth 8-11067] parameter 'I2C_CLK_FREQ' declared inside package 'iot_sensor_pkg' shall be treated as localparam [/home/prabhat/Work/Smart_IoT_Sensor_Interface_Controller/rtl/common/iot_sensor_pkg.sv:90]
WARNING: [Synth 8-11067] parameter 'SPI_CLK_FREQ' declared inside package 'iot_sensor_pkg' shall be treated as localparam [/home/prabhat/Work/Smart_IoT_Sensor_Interface_Controller/rtl/common/iot_sensor_pkg.sv:91]
WARNING: [Synth 8-11067] parameter 'TEMP_SENSOR_ADDR' declared inside package 'iot_sensor_pkg' shall be treated as localparam [/home/prabhat/Work/Smart_IoT_Sensor_Interface_Controller/rtl/common/iot_sensor_pkg.sv:94]
WARNING: [Synth 8-11067] parameter 'HUM_SENSOR_ADDR' declared inside package 'iot_sensor_pkg' shall be treated as localparam [/home/prabhat/Work/Smart_IoT_Sensor_Interface_Controller/rtl/common/iot_sensor_pkg.sv:95]
WARNING: [Synth 8-11067] parameter 'SENSOR_I2C_ADDR' declared inside package 'iot_sensor_pkg' shall be treated as localparam [/home/prabhat/Work/Smart_IoT_Sensor_Interface_Controller/rtl/common/iot_sensor_pkg.sv:96]
WARNING: [Synth 8-11067] parameter 'SPI_CLK_DIV' declared inside package 'iot_sensor_pkg' shall be treated as localparam [/home/prabhat/Work/Smart_IoT_Sensor_Interface_Controller/rtl/common/iot_sensor_pkg.sv:99]
WARNING: [Synth 8-11067] parameter 'TEMP_SENSOR_ID' declared inside package 'iot_sensor_pkg' shall be treated as localparam [/home/prabhat/Work/Smart_IoT_Sensor_Interface_Controller/rtl/common/iot_sensor_pkg.sv:102]
WARNING: [Synth 8-11067] parameter 'HUM_SENSOR_ID' declared inside package 'iot_sensor_pkg' shall be treated as localparam [/home/prabhat/Work/Smart_IoT_Sensor_Interface_Controller/rtl/common/iot_sensor_pkg.sv:103]
WARNING: [Synth 8-11067] parameter 'MOTION_SENSOR_ID' declared inside package 'iot_sensor_pkg' shall be treated as localparam [/home/prabhat/Work/Smart_IoT_Sensor_Interface_Controller/rtl/common/iot_sensor_pkg.sv:104]
WARNING: [Synth 8-11067] parameter 'TEMP_FIFO_DEPTH' declared inside package 'iot_sensor_pkg' shall be treated as localparam [/home/prabhat/Work/Smart_IoT_Sensor_Interface_Controller/rtl/common/iot_sensor_pkg.sv:107]
WARNING: [Synth 8-11067] parameter 'HUM_FIFO_DEPTH' declared inside package 'iot_sensor_pkg' shall be treated as localparam [/home/prabhat/Work/Smart_IoT_Sensor_Interface_Controller/rtl/common/iot_sensor_pkg.sv:108]
WARNING: [Synth 8-11067] parameter 'MOTION_FIFO_DEPTH' declared inside package 'iot_sensor_pkg' shall be treated as localparam [/home/prabhat/Work/Smart_IoT_Sensor_Interface_Controller/rtl/common/iot_sensor_pkg.sv:109]
WARNING: [Synth 8-11067] parameter 'TX_FIFO_DEPTH' declared inside package 'iot_sensor_pkg' shall be treated as localparam [/home/prabhat/Work/Smart_IoT_Sensor_Interface_Controller/rtl/common/iot_sensor_pkg.sv:110]
WARNING: [Synth 8-10929] literal value 'd100000 truncated to fit in 16 bits [/home/prabhat/Work/Smart_IoT_Sensor_Interface_Controller/rtl/sensor_interfaces/motion_sensor_interface.sv:124]
WARNING: [Synth 8-10929] literal value 'd200000 truncated to fit in 16 bits [/home/prabhat/Work/Smart_IoT_Sensor_Interface_Controller/rtl/sensor_interfaces/motion_sensor_interface.sv:125]
INFO: [Synth 8-6157] synthesizing module 'iot_sensor_controller' [/home/prabhat/Work/Smart_IoT_Sensor_Interface_Controller/rtl/iot_sensor_controller.sv:10]
INFO: [Synth 8-6157] synthesizing module 'temperature_sensor_interface' [/home/prabhat/Work/Smart_IoT_Sensor_Interface_Controller/rtl/sensor_interfaces/temperature_sensor_interface.sv:10]
INFO: [Synth 8-155] case statement is not full and has no default [/home/prabhat/Work/Smart_IoT_Sensor_Interface_Controller/rtl/sensor_interfaces/temperature_sensor_interface.sv:103]
INFO: [Synth 8-6155] done synthesizing module 'temperature_sensor_interface' (0#1) [/home/prabhat/Work/Smart_IoT_Sensor_Interface_Controller/rtl/sensor_interfaces/temperature_sensor_interface.sv:10]
INFO: [Synth 8-6157] synthesizing module 'humidity_sensor_interface' [/home/prabhat/Work/Smart_IoT_Sensor_Interface_Controller/rtl/sensor_interfaces/humidity_sensor_interface.sv:10]
INFO: [Synth 8-155] case statement is not full and has no default [/home/prabhat/Work/Smart_IoT_Sensor_Interface_Controller/rtl/sensor_interfaces/humidity_sensor_interface.sv:102]
INFO: [Synth 8-6155] done synthesizing module 'humidity_sensor_interface' (0#1) [/home/prabhat/Work/Smart_IoT_Sensor_Interface_Controller/rtl/sensor_interfaces/humidity_sensor_interface.sv:10]
INFO: [Synth 8-6157] synthesizing module 'motion_sensor_interface' [/home/prabhat/Work/Smart_IoT_Sensor_Interface_Controller/rtl/sensor_interfaces/motion_sensor_interface.sv:10]
INFO: [Synth 8-155] case statement is not full and has no default [/home/prabhat/Work/Smart_IoT_Sensor_Interface_Controller/rtl/sensor_interfaces/motion_sensor_interface.sv:106]
INFO: [Synth 8-6155] done synthesizing module 'motion_sensor_interface' (0#1) [/home/prabhat/Work/Smart_IoT_Sensor_Interface_Controller/rtl/sensor_interfaces/motion_sensor_interface.sv:10]
INFO: [Synth 8-6157] synthesizing module 'i2c_master' [/home/prabhat/Work/Smart_IoT_Sensor_Interface_Controller/rtl/sensor_interfaces/i2c_master.sv:10]
INFO: [Synth 8-155] case statement is not full and has no default [/home/prabhat/Work/Smart_IoT_Sensor_Interface_Controller/rtl/sensor_interfaces/i2c_master.sv:120]
INFO: [Synth 8-6155] done synthesizing module 'i2c_master' (0#1) [/home/prabhat/Work/Smart_IoT_Sensor_Interface_Controller/rtl/sensor_interfaces/i2c_master.sv:10]
INFO: [Synth 8-6157] synthesizing module 'spi_master' [/home/prabhat/Work/Smart_IoT_Sensor_Interface_Controller/rtl/sensor_interfaces/spi_master.sv:10]
INFO: [Synth 8-155] case statement is not full and has no default [/home/prabhat/Work/Smart_IoT_Sensor_Interface_Controller/rtl/sensor_interfaces/spi_master.sv:92]
INFO: [Synth 8-6155] done synthesizing module 'spi_master' (0#1) [/home/prabhat/Work/Smart_IoT_Sensor_Interface_Controller/rtl/sensor_interfaces/spi_master.sv:10]
INFO: [Synth 8-6157] synthesizing module 'packet_framer' [/home/prabhat/Work/Smart_IoT_Sensor_Interface_Controller/rtl/packet_framer/packet_framer.sv:10]
INFO: [Synth 8-155] case statement is not full and has no default [/home/prabhat/Work/Smart_IoT_Sensor_Interface_Controller/rtl/packet_framer/packet_framer.sv:178]
INFO: [Synth 8-155] case statement is not full and has no default [/home/prabhat/Work/Smart_IoT_Sensor_Interface_Controller/rtl/packet_framer/packet_framer.sv:195]
INFO: [Synth 8-155] case statement is not full and has no default [/home/prabhat/Work/Smart_IoT_Sensor_Interface_Controller/rtl/packet_framer/packet_framer.sv:141]
INFO: [Synth 8-6155] done synthesizing module 'packet_framer' (0#1) [/home/prabhat/Work/Smart_IoT_Sensor_Interface_Controller/rtl/packet_framer/packet_framer.sv:10]
INFO: [Synth 8-6157] synthesizing module 'serial_transmitter' [/home/prabhat/Work/Smart_IoT_Sensor_Interface_Controller/rtl/packet_framer/serial_transmitter.sv:10]
INFO: [Synth 8-155] case statement is not full and has no default [/home/prabhat/Work/Smart_IoT_Sensor_Interface_Controller/rtl/packet_framer/serial_transmitter.sv:97]
INFO: [Synth 8-6155] done synthesizing module 'serial_transmitter' (0#1) [/home/prabhat/Work/Smart_IoT_Sensor_Interface_Controller/rtl/packet_framer/serial_transmitter.sv:10]
INFO: [Synth 8-6157] synthesizing module 'power_controller' [/home/prabhat/Work/Smart_IoT_Sensor_Interface_Controller/rtl/power_controller/power_controller.sv:10]
INFO: [Synth 8-226] default block is never used [/home/prabhat/Work/Smart_IoT_Sensor_Interface_Controller/rtl/power_controller/power_controller.sv:56]
INFO: [Synth 8-6155] done synthesizing module 'power_controller' (0#1) [/home/prabhat/Work/Smart_IoT_Sensor_Interface_Controller/rtl/power_controller/power_controller.sv:10]
INFO: [Synth 8-6155] done synthesizing module 'iot_sensor_controller' (0#1) [/home/prabhat/Work/Smart_IoT_Sensor_Interface_Controller/rtl/iot_sensor_controller.sv:10]
WARNING: [Synth 8-6014] Unused sequential element packet_buffer_reg was removed.  [/home/prabhat/Work/Smart_IoT_Sensor_Interface_Controller/rtl/packet_framer/packet_framer.sv:137]
---------------------------------------------------------------------------------
Finished Synthesize : Time (s): cpu = 00:00:04 ; elapsed = 00:00:05 . Memory (MB): peak = 2235.426 ; gain = 510.016 ; free physical = 792 ; free virtual = 15193
---------------------------------------------------------------------------------
---------------------------------------------------------------------------------
Finished Constraint Validation : Time (s): cpu = 00:00:05 ; elapsed = 00:00:05 . Memory (MB): peak = 2253.238 ; gain = 527.828 ; free physical = 792 ; free virtual = 15193
---------------------------------------------------------------------------------
---------------------------------------------------------------------------------
Start Loading Part and Timing Information
---------------------------------------------------------------------------------
Loading part: xc7a35tcpg236-1
---------------------------------------------------------------------------------
INFO: [Device 21-403] Loading part xc7a35tcpg236-1
Finished Loading Part and Timing Information : Time (s): cpu = 00:00:05 ; elapsed = 00:00:05 . Memory (MB): peak = 2253.238 ; gain = 527.828 ; free physical = 792 ; free virtual = 15193
---------------------------------------------------------------------------------
INFO: [Synth 8-802] inferred FSM for state register 'current_state_reg' in module 'temperature_sensor_interface'
INFO: [Synth 8-802] inferred FSM for state register 'current_state_reg' in module 'humidity_sensor_interface'
INFO: [Synth 8-802] inferred FSM for state register 'current_state_reg' in module 'motion_sensor_interface'
INFO: [Synth 8-802] inferred FSM for state register 'current_state_reg' in module 'i2c_master'
INFO: [Synth 8-802] inferred FSM for state register 'current_state_reg' in module 'spi_master'
INFO: [Synth 8-802] inferred FSM for state register 'current_state_reg' in module 'packet_framer'
INFO: [Synth 8-802] inferred FSM for state register 'current_state_reg' in module 'serial_transmitter'
INFO: [Synth 8-802] inferred FSM for state register 'arb_state_reg' in module 'iot_sensor_controller'
---------------------------------------------------------------------------------------------------
                   State |                     New Encoding |                Previous Encoding 
---------------------------------------------------------------------------------------------------
               TEMP_IDLE |                              000 |                              000
              TEMP_START |                              001 |                              001
           TEMP_READ_MSB |                              010 |                              010
           TEMP_READ_LSB |                              011 |                              011
               TEMP_DONE |                              100 |                              100
---------------------------------------------------------------------------------------------------
INFO: [Synth 8-3354] encoded FSM with state register 'current_state_reg' using encoding 'sequential' in module 'temperature_sensor_interface'
---------------------------------------------------------------------------------------------------
                   State |                     New Encoding |                Previous Encoding 
---------------------------------------------------------------------------------------------------
                HUM_IDLE |                              000 |                              000
               HUM_START |                              001 |                              001
            HUM_READ_MSB |                              010 |                              010
            HUM_READ_LSB |                              011 |                              011
                HUM_DONE |                              100 |                              100
---------------------------------------------------------------------------------------------------
INFO: [Synth 8-3354] encoded FSM with state register 'current_state_reg' using encoding 'sequential' in module 'humidity_sensor_interface'
---------------------------------------------------------------------------------------------------
                   State |                     New Encoding |                Previous Encoding 
---------------------------------------------------------------------------------------------------
             MOTION_IDLE |                               00 |                              000
            MOTION_START |                               01 |                              001
             MOTION_READ |                               10 |                              010
             MOTION_DONE |                               11 |                              011
---------------------------------------------------------------------------------------------------
INFO: [Synth 8-3354] encoded FSM with state register 'current_state_reg' using encoding 'sequential' in module 'motion_sensor_interface'
---------------------------------------------------------------------------------------------------
                   State |                     New Encoding |                Previous Encoding 
---------------------------------------------------------------------------------------------------
                I2C_IDLE |                              000 |                             0000
               I2C_START |                              001 |                             0001
             I2C_ADDRESS |                              010 |                             0010
                 I2C_ACK |                              011 |                             0011
                I2C_READ |                              100 |                             0101
               I2C_WRITE |                              101 |                             0100
                I2C_STOP |                              110 |                             0110
---------------------------------------------------------------------------------------------------
INFO: [Synth 8-3354] encoded FSM with state register 'current_state_reg' using encoding 'sequential' in module 'i2c_master'
---------------------------------------------------------------------------------------------------
                   State |                     New Encoding |                Previous Encoding 
---------------------------------------------------------------------------------------------------
                SPI_IDLE |                               00 |                              000
               SPI_START |                               01 |                              001
            SPI_TRANSFER |                               10 |                              010
              SPI_FINISH |                               11 |                              011
---------------------------------------------------------------------------------------------------
INFO: [Synth 8-3354] encoded FSM with state register 'current_state_reg' using encoding 'sequential' in module 'spi_master'
---------------------------------------------------------------------------------------------------
                   State |                     New Encoding |                Previous Encoding 
---------------------------------------------------------------------------------------------------
                PKT_IDLE |                             0000 |                             0000
              PKT_HEADER |                             0001 |                             0001
           PKT_SENSOR_ID |                             0010 |                             0010
              PKT_LENGTH |                             0011 |                             0011
           PKT_TIMESTAMP |                             0100 |                             0100
            PKT_DATA_MSB |                             0101 |                             0101
            PKT_DATA_LSB |                             0110 |                             0110
            PKT_CHECKSUM |                             0111 |                             0111
                PKT_DONE |                             1000 |                             1000
---------------------------------------------------------------------------------------------------
INFO: [Synth 8-3354] encoded FSM with state register 'current_state_reg' using encoding 'sequential' in module 'packet_framer'
---------------------------------------------------------------------------------------------------
                   State |                     New Encoding |                Previous Encoding 
---------------------------------------------------------------------------------------------------
                 TX_IDLE |                              000 |                              000
                TX_START |                              001 |                              001
                 TX_DATA |                              010 |                              010
                 TX_STOP |                              011 |                              011
             TX_COMPLETE |                              100 |                              100
---------------------------------------------------------------------------------------------------
INFO: [Synth 8-3354] encoded FSM with state register 'current_state_reg' using encoding 'sequential' in module 'serial_transmitter'
---------------------------------------------------------------------------------------------------
                   State |                     New Encoding |                Previous Encoding 
---------------------------------------------------------------------------------------------------
                ARB_IDLE |                              001 |                               00
                 ARB_HUM |                              010 |                               10
                ARB_TEMP |                              100 |                               01
---------------------------------------------------------------------------------------------------
INFO: [Synth 8-3354] encoded FSM with state register 'arb_state_reg' using encoding 'one-hot' in module 'iot_sensor_controller'
---------------------------------------------------------------------------------
Finished RTL Optimization Phase 2 : Time (s): cpu = 00:00:06 ; elapsed = 00:00:06 . Memory (MB): peak = 2278.160 ; gain = 552.750 ; free physical = 753 ; free virtual = 15171
---------------------------------------------------------------------------------
No constraint files found.
---------------------------------------------------------------------------------
Start RTL Component Statistics 
---------------------------------------------------------------------------------
Detailed RTL Component Info : 
+---Adders : 
	   2 Input   20 Bit       Adders := 2     
	   2 Input   16 Bit       Adders := 2     
	   2 Input   10 Bit       Adders := 1     
	   2 Input    8 Bit       Adders := 1     
	   2 Input    4 Bit       Adders := 1     
	   2 Input    3 Bit       Adders := 2     
+---XORs : 
	   2 Input      8 Bit         XORs := 9     
+---Registers : 
	               20 Bit    Registers := 2     
	               16 Bit    Registers := 7     
	                8 Bit    Registers := 15    
	                4 Bit    Registers := 1     
	                3 Bit    Registers := 3     
	                1 Bit    Registers := 32    
+---Muxes : 
	   4 Input   20 Bit        Muxes := 2     
	   2 Input   20 Bit        Muxes := 8     
	   5 Input   20 Bit        Muxes := 2     
	   5 Input   16 Bit        Muxes := 2     
	   4 Input   16 Bit        Muxes := 1     
	   2 Input   16 Bit        Muxes := 4     
	   7 Input   16 Bit        Muxes := 1     
	   2 Input    8 Bit        Muxes := 2     
	   7 Input    8 Bit        Muxes := 1     
	   4 Input    8 Bit        Muxes := 4     
	   9 Input    8 Bit        Muxes := 2     
	   3 Input    7 Bit        Muxes := 1     
	   7 Input    4 Bit        Muxes := 1     
	   9 Input    4 Bit        Muxes := 1     
	   5 Input    3 Bit        Muxes := 4     
	   2 Input    3 Bit        Muxes := 11    
	   7 Input    3 Bit        Muxes := 1     
	   4 Input    3 Bit        Muxes := 2     
	   9 Input    3 Bit        Muxes := 1     
	   3 Input    3 Bit        Muxes := 1     
	   4 Input    2 Bit        Muxes := 2     
	   3 Input    2 Bit        Muxes := 1     
	   2 Input    1 Bit        Muxes := 25    
	   5 Input    1 Bit        Muxes := 26    
	   4 Input    1 Bit        Muxes := 24    
	   7 Input    1 Bit        Muxes := 15    
	   9 Input    1 Bit        Muxes := 10    
	   3 Input    1 Bit        Muxes := 2     
---------------------------------------------------------------------------------
Finished RTL Component Statistics 
---------------------------------------------------------------------------------
---------------------------------------------------------------------------------
Start Part Resource Summary
---------------------------------------------------------------------------------
Part Resources:
DSPs: 90 (col length:60)
BRAMs: 100 (col length: RAMB18 60 RAMB36 30)
---------------------------------------------------------------------------------
Finished Part Resource Summary
---------------------------------------------------------------------------------
No constraint files found.
---------------------------------------------------------------------------------
Start Cross Boundary and Area Optimization
---------------------------------------------------------------------------------
WARNING: [Synth 8-7080] Parallel synthesis criteria is not met
---------------------------------------------------------------------------------
Finished Cross Boundary and Area Optimization : Time (s): cpu = 00:00:09 ; elapsed = 00:00:09 . Memory (MB): peak = 2396.223 ; gain = 670.812 ; free physical = 612 ; free virtual = 15032
---------------------------------------------------------------------------------
No constraint files found.
---------------------------------------------------------------------------------
Start Timing Optimization
---------------------------------------------------------------------------------
---------------------------------------------------------------------------------
Finished Timing Optimization : Time (s): cpu = 00:00:09 ; elapsed = 00:00:09 . Memory (MB): peak = 2402.160 ; gain = 676.750 ; free physical = 598 ; free virtual = 15017
---------------------------------------------------------------------------------
---------------------------------------------------------------------------------
Start Technology Mapping
---------------------------------------------------------------------------------
---------------------------------------------------------------------------------
Finished Technology Mapping : Time (s): cpu = 00:00:09 ; elapsed = 00:00:09 . Memory (MB): peak = 2402.160 ; gain = 676.750 ; free physical = 598 ; free virtual = 15017
---------------------------------------------------------------------------------
---------------------------------------------------------------------------------
Start IO Insertion
---------------------------------------------------------------------------------
---------------------------------------------------------------------------------
Start Flattening Before IO Insertion
---------------------------------------------------------------------------------
---------------------------------------------------------------------------------
Finished Flattening Before IO Insertion
---------------------------------------------------------------------------------
---------------------------------------------------------------------------------
Start Final Netlist Cleanup
---------------------------------------------------------------------------------
---------------------------------------------------------------------------------
Finished Final Netlist Cleanup
---------------------------------------------------------------------------------
---------------------------------------------------------------------------------
Finished IO Insertion : Time (s): cpu = 00:00:11 ; elapsed = 00:00:12 . Memory (MB): peak = 2544.973 ; gain = 819.562 ; free physical = 505 ; free virtual = 14924
---------------------------------------------------------------------------------
---------------------------------------------------------------------------------
Start Renaming Generated Instances
---------------------------------------------------------------------------------
---------------------------------------------------------------------------------
Finished Renaming Generated Instances : Time (s): cpu = 00:00:11 ; elapsed = 00:00:12 . Memory (MB): peak = 2544.973 ; gain = 819.562 ; free physical = 505 ; free virtual = 14924
---------------------------------------------------------------------------------
---------------------------------------------------------------------------------
Start Rebuilding User Hierarchy
---------------------------------------------------------------------------------
---------------------------------------------------------------------------------
Finished Rebuilding User Hierarchy : Time (s): cpu = 00:00:11 ; elapsed = 00:00:12 . Memory (MB): peak = 2544.973 ; gain = 819.562 ; free physical = 504 ; free virtual = 14924
---------------------------------------------------------------------------------
---------------------------------------------------------------------------------
Start Renaming Generated Ports
---------------------------------------------------------------------------------
---------------------------------------------------------------------------------
Finished Renaming Generated Ports : Time (s): cpu = 00:00:11 ; elapsed = 00:00:12 . Memory (MB): peak = 2544.973 ; gain = 819.562 ; free physical = 504 ; free virtual = 14924
---------------------------------------------------------------------------------
---------------------------------------------------------------------------------
Start Handling Custom Attributes
---------------------------------------------------------------------------------
---------------------------------------------------------------------------------
Finished Handling Custom Attributes : Time (s): cpu = 00:00:11 ; elapsed = 00:00:12 . Memory (MB): peak = 2544.973 ; gain = 819.562 ; free physical = 504 ; free virtual = 14924
---------------------------------------------------------------------------------
---------------------------------------------------------------------------------
Start Renaming Generated Nets
---------------------------------------------------------------------------------
---------------------------------------------------------------------------------
Finished Renaming Generated Nets : Time (s): cpu = 00:00:11 ; elapsed = 00:00:12 . Memory (MB): peak = 2544.973 ; gain = 819.562 ; free physical = 504 ; free virtual = 14924
---------------------------------------------------------------------------------
---------------------------------------------------------------------------------
Start Writing Synthesis Report
---------------------------------------------------------------------------------

Report BlackBoxes: 
+-+--------------+----------+
| |BlackBox name |Instances |
+-+--------------+----------+
+-+--------------+----------+

Report Cell Usage: 
+------+-------+------+
|      |Cell   |Count |
+------+-------+------+
|1     |BUFG   |     1|
|2     |CARRY4 |    32|
|3     |LUT1   |    57|
|4     |LUT2   |    56|
|5     |LUT3   |    41|
|6     |LUT4   |    54|
|7     |LUT5   |   120|
|8     |LUT6   |   101|
|9     |FDCE   |   329|
|10    |FDPE   |    31|
|11    |IBUF   |     7|
|12    |IOBUF  |     1|
|13    |OBUF   |     9|
|14    |OBUFT  |     1|
+------+-------+------+

Report Instance Areas: 
+------+------------------+-----------------------------+------+
|      |Instance          |Module                       |Cells |
+------+------------------+-----------------------------+------+
|1     |top               |                             |   840|
|2     |  u_hum_sensor    |humidity_sensor_interface    |   124|
|3     |  u_i2c_master    |i2c_master                   |   118|
|4     |  u_motion_sensor |motion_sensor_interface      |   117|
|5     |  u_packet_framer |packet_framer                |   168|
|6     |  u_power_ctrl    |power_controller             |    30|
|7     |  u_serial_tx     |serial_transmitter           |    57|
|8     |  u_spi_master    |spi_master                   |    75|
|9     |  u_temp_sensor   |temperature_sensor_interface |   127|
+------+------------------+-----------------------------+------+
---------------------------------------------------------------------------------
Finished Writing Synthesis Report : Time (s): cpu = 00:00:11 ; elapsed = 00:00:12 . Memory (MB): peak = 2544.973 ; gain = 819.562 ; free physical = 504 ; free virtual = 14924
---------------------------------------------------------------------------------
Synthesis finished with 0 errors, 0 critical warnings and 21 warnings.
Synthesis Optimization Runtime : Time (s): cpu = 00:00:11 ; elapsed = 00:00:12 . Memory (MB): peak = 2544.973 ; gain = 819.562 ; free physical = 504 ; free virtual = 14922
Synthesis Optimization Complete : Time (s): cpu = 00:00:11 ; elapsed = 00:00:12 . Memory (MB): peak = 2544.980 ; gain = 819.562 ; free physical = 504 ; free virtual = 14922
INFO: [Project 1-571] Translating synthesized netlist
Netlist sorting complete. Time (s): cpu = 00:00:00 ; elapsed = 00:00:00 . Memory (MB): peak = 2559.848 ; gain = 0.000 ; free physical = 656 ; free virtual = 15074
INFO: [Netlist 29-17] Analyzing 33 Unisim elements for replacement
INFO: [Netlist 29-28] Unisim Transformation completed in 0 CPU seconds
INFO: [Project 1-570] Preparing netlist for logic optimization
INFO: [Opt 31-138] Pushed 0 inverter(s) to 0 load pin(s).
Netlist sorting complete. Time (s): cpu = 00:00:00 ; elapsed = 00:00:00 . Memory (MB): peak = 2696.461 ; gain = 0.000 ; free physical = 542 ; free virtual = 14970
INFO: [Project 1-111] Unisim Transformation Summary:
  A total of 1 instances were transformed.
  IOBUF => IOBUF (IBUF, OBUFT): 1 instance 

Synth Design complete | Checksum: 12df338e
INFO: [Common 17-83] Releasing license: Synthesis
56 Infos, 21 Warnings, 0 Critical Warnings and 0 Errors encountered.
synth_design completed successfully
synth_design: Time (s): cpu = 00:00:16 ; elapsed = 00:00:14 . Memory (MB): peak = 2696.496 ; gain = 971.086 ; free physical = 549 ; free virtual = 14978
INFO: [Common 17-2834] synth_design peak Physical Memory [PSS] (MB): overall = 1672.525; main = 1666.717; forked = 274.047
INFO: [Common 17-2834] synth_design peak Virtual Memory [VSS] (MB): overall = 4039.477; main = 2696.465; forked = 1614.312
Write ShapeDB Complete: Time (s): cpu = 00:00:00 ; elapsed = 00:00:00 . Memory (MB): peak = 2720.473 ; gain = 0.000 ; free physical = 549 ; free virtual = 14978
INFO: [Common 17-1381] The checkpoint '/home/prabhat/Work/Smart_IoT_Sensor_Interface_Controller/vivado_project/iot_sensor_controller.runs/synth_1/iot_sensor_controller.dcp' has been generated.
INFO: [Vivado 12-24828] Executing command : report_utilization -file iot_sensor_controller_utilization_synth.rpt -pb iot_sensor_controller_utilization_synth.pb
INFO: [Common 17-206] Exiting Vivado at Sat Aug 30 01:49:57 2025...
